2025-08-01 14:58:01,292 - sentence_transformers.SentenceTransformer - INFO - Load pretrained SentenceTransformer: BAAI/bge-m3
2025-08-01 14:58:45,125 - sentence_transformers.SentenceTransformer - INFO - Load pretrained SentenceTransformer: BAAI/bge-m3
2025-08-01 14:59:01,814 - LLM_Logger - INFO - 工作流步骤: 工作流开始 - 开始执行工作流: text2cypher_with_1_retry_and_output_check
2025-08-01 14:59:01,909 - LLM_Logger - INFO - 工作流步骤: 步骤开始 - 开始生成Cypher查询
2025-08-01 14:59:03,102 - LLM_Logger - INFO - LLM交互 #1 - 生成Cypher查询 - 提示词已发送
2025-08-01 14:59:05,087 - httpx - INFO - HTTP Request: POST https://ark.cn-beijing.volces.com/api/v3/chat/completions "HTTP/1.1 200 OK"
2025-08-01 14:59:05,090 - LLM_Logger - INFO - LLM交互 #1 - 生成Cypher查询 - 回应已接收
2025-08-01 14:59:05,090 - LLM_Logger - INFO - 工作流步骤: 步骤完成 - Cypher查询生成完成
2025-08-01 14:59:05,091 - LLM_Logger - INFO - 工作流步骤: 步骤开始 - 开始执行Cypher查询
2025-08-01 14:59:05,099 - LLM_Logger - INFO - 工作流步骤: 步骤完成 - Cypher查询执行成功
2025-08-01 14:59:05,099 - LLM_Logger - INFO - 工作流步骤: 步骤开始 - 开始评估数据库输出
2025-08-01 14:59:05,100 - LLM_Logger - INFO - LLM交互 #2 - 评估数据库输出 - 提示词已发送
2025-08-01 14:59:06,165 - httpx - INFO - HTTP Request: POST https://ark.cn-beijing.volces.com/api/v3/chat/completions "HTTP/1.1 200 OK"
2025-08-01 14:59:06,166 - LLM_Logger - INFO - LLM交互 #2 - 评估数据库输出 - 回应已接收
2025-08-01 14:59:06,166 - LLM_Logger - INFO - 工作流步骤: 步骤完成 - 数据库输出评估完成
2025-08-01 14:59:06,166 - LLM_Logger - INFO - LLM交互 #3 - 生成最终答案 - 提示词已发送
2025-08-01 14:59:06,539 - httpx - INFO - HTTP Request: POST https://ark.cn-beijing.volces.com/api/v3/chat/completions "HTTP/1.1 200 OK"
2025-08-01 14:59:07,060 - LLM_Logger - INFO - LLM交互 #3 - 生成最终答案 - 回应已接收
2025-08-01 14:59:07,060 - LLM_Logger - INFO - 工作流步骤: 工作流完成 - 工作流执行成功: text2cypher_with_1_retry_and_output_check
2025-08-01 15:16:29,587 - sentence_transformers.SentenceTransformer - INFO - Load pretrained SentenceTransformer: BAAI/bge-m3
2025-08-01 15:18:08,509 - sentence_transformers.SentenceTransformer - INFO - Load pretrained SentenceTransformer: BAAI/bge-m3
2025-08-01 15:18:26,244 - LLM_Logger - INFO - 工作流步骤: 工作流开始 - 开始执行工作流: text2cypher_with_1_retry_and_output_check
2025-08-01 15:18:26,276 - LLM_Logger - INFO - 工作流步骤: 步骤开始 - 开始生成Cypher查询
2025-08-01 15:18:26,687 - LLM_Logger - INFO - LLM交互 #1 - 生成Cypher查询 - 提示词已发送
2025-08-01 15:18:28,966 - httpx - INFO - HTTP Request: POST https://ark.cn-beijing.volces.com/api/v3/chat/completions "HTTP/1.1 200 OK"
2025-08-01 15:18:28,976 - LLM_Logger - INFO - LLM交互 #1 - 生成Cypher查询 - 回应已接收
2025-08-01 15:18:28,977 - LLM_Logger - INFO - 工作流步骤: 步骤完成 - Cypher查询生成完成
2025-08-01 15:18:28,977 - LLM_Logger - INFO - 工作流步骤: 步骤开始 - 开始执行Cypher查询
2025-08-01 15:18:29,057 - LLM_Logger - INFO - 工作流步骤: 步骤完成 - Cypher查询执行成功
2025-08-01 15:18:29,057 - LLM_Logger - INFO - 工作流步骤: 步骤开始 - 开始评估数据库输出
2025-08-01 15:18:29,058 - LLM_Logger - INFO - LLM交互 #2 - 评估数据库输出 - 提示词已发送
2025-08-01 15:18:29,971 - httpx - INFO - HTTP Request: POST https://ark.cn-beijing.volces.com/api/v3/chat/completions "HTTP/1.1 200 OK"
2025-08-01 15:18:29,973 - LLM_Logger - INFO - LLM交互 #2 - 评估数据库输出 - 回应已接收
2025-08-01 15:18:29,973 - LLM_Logger - INFO - 工作流步骤: 步骤完成 - 数据库输出评估完成
2025-08-01 15:18:29,974 - LLM_Logger - INFO - LLM交互 #3 - 生成最终答案 - 提示词已发送
2025-08-01 15:18:30,475 - httpx - INFO - HTTP Request: POST https://ark.cn-beijing.volces.com/api/v3/chat/completions "HTTP/1.1 200 OK"
2025-08-01 15:18:31,250 - LLM_Logger - INFO - LLM交互 #3 - 生成最终答案 - 回应已接收
2025-08-01 15:18:31,251 - LLM_Logger - INFO - 工作流步骤: 工作流完成 - 工作流执行成功: text2cypher_with_1_retry_and_output_check
2025-08-01 15:35:45,710 - LLM_Logger - INFO - 工作流步骤: 工作流开始 - 开始执行工作流: text2cypher_with_1_retry_and_output_check
2025-08-01 15:35:46,076 - LLM_Logger - INFO - 工作流步骤: 步骤开始 - 开始生成Cypher查询
2025-08-01 15:35:47,110 - LLM_Logger - INFO - LLM交互 #4 - 生成Cypher查询 - 提示词已发送
2025-08-01 15:35:50,845 - httpx - INFO - HTTP Request: POST https://ark.cn-beijing.volces.com/api/v3/chat/completions "HTTP/1.1 200 OK"
2025-08-01 15:35:50,866 - LLM_Logger - INFO - LLM交互 #4 - 生成Cypher查询 - 回应已接收
2025-08-01 15:35:50,867 - LLM_Logger - INFO - 工作流步骤: 步骤完成 - Cypher查询生成完成
2025-08-01 15:35:50,869 - LLM_Logger - INFO - 工作流步骤: 步骤开始 - 开始执行Cypher查询
2025-08-01 15:35:50,997 - LLM_Logger - INFO - 工作流步骤: 步骤完成 - Cypher查询执行成功
2025-08-01 15:35:50,999 - LLM_Logger - INFO - 工作流步骤: 步骤开始 - 开始评估数据库输出
2025-08-01 15:35:51,000 - LLM_Logger - INFO - LLM交互 #5 - 评估数据库输出 - 提示词已发送
2025-08-01 15:35:53,933 - httpx - INFO - HTTP Request: POST https://ark.cn-beijing.volces.com/api/v3/chat/completions "HTTP/1.1 200 OK"
2025-08-01 15:35:53,934 - LLM_Logger - INFO - LLM交互 #5 - 评估数据库输出 - 回应已接收
2025-08-01 15:35:53,935 - LLM_Logger - INFO - 工作流步骤: 步骤完成 - 数据库输出评估完成
2025-08-01 15:35:53,936 - LLM_Logger - INFO - 工作流步骤: 步骤开始 - 开始修正Cypher查询
2025-08-01 15:35:53,937 - LLM_Logger - INFO - LLM交互 #6 - 修正Cypher查询 - 提示词已发送
2025-08-01 15:35:56,547 - httpx - INFO - HTTP Request: POST https://ark.cn-beijing.volces.com/api/v3/chat/completions "HTTP/1.1 200 OK"
2025-08-01 15:35:56,549 - LLM_Logger - INFO - LLM交互 #6 - 修正Cypher查询 - 回应已接收
2025-08-01 15:35:56,549 - LLM_Logger - INFO - 工作流步骤: 步骤完成 - Cypher查询修正完成
2025-08-01 15:35:56,550 - LLM_Logger - INFO - 工作流步骤: 步骤开始 - 开始执行Cypher查询
2025-08-01 15:35:56,586 - LLM_Logger - INFO - 工作流步骤: 步骤完成 - Cypher查询执行成功
2025-08-01 15:35:56,587 - LLM_Logger - INFO - 工作流步骤: 步骤开始 - 开始评估数据库输出
2025-08-01 15:35:56,588 - LLM_Logger - INFO - LLM交互 #7 - 评估数据库输出 - 提示词已发送
2025-08-01 15:35:59,062 - httpx - INFO - HTTP Request: POST https://ark.cn-beijing.volces.com/api/v3/chat/completions "HTTP/1.1 200 OK"
2025-08-01 15:35:59,063 - LLM_Logger - INFO - LLM交互 #7 - 评估数据库输出 - 回应已接收
2025-08-01 15:35:59,063 - LLM_Logger - INFO - 工作流步骤: 步骤完成 - 数据库输出评估完成
2025-08-01 15:35:59,063 - LLM_Logger - INFO - 工作流步骤: 步骤开始 - 开始修正Cypher查询
2025-08-01 15:35:59,064 - LLM_Logger - INFO - LLM交互 #8 - 修正Cypher查询 - 提示词已发送
2025-08-01 15:35:59,978 - httpx - INFO - HTTP Request: POST https://ark.cn-beijing.volces.com/api/v3/chat/completions "HTTP/1.1 200 OK"
2025-08-01 15:35:59,979 - LLM_Logger - INFO - LLM交互 #8 - 修正Cypher查询 - 回应已接收
2025-08-01 15:35:59,979 - LLM_Logger - INFO - 工作流步骤: 步骤完成 - Cypher查询修正完成
2025-08-01 15:35:59,979 - LLM_Logger - INFO - 工作流步骤: 步骤开始 - 开始执行Cypher查询
2025-08-01 15:35:59,982 - LLM_Logger - INFO - 工作流步骤: 步骤完成 - Cypher查询执行成功
2025-08-01 15:35:59,982 - LLM_Logger - INFO - 工作流步骤: 步骤开始 - 开始评估数据库输出
2025-08-01 15:35:59,983 - LLM_Logger - INFO - LLM交互 #9 - 评估数据库输出 - 提示词已发送
2025-08-01 15:36:02,577 - httpx - INFO - HTTP Request: POST https://ark.cn-beijing.volces.com/api/v3/chat/completions "HTTP/1.1 200 OK"
2025-08-01 15:36:02,578 - LLM_Logger - INFO - LLM交互 #9 - 评估数据库输出 - 回应已接收
2025-08-01 15:36:02,578 - LLM_Logger - INFO - 工作流步骤: 步骤完成 - 数据库输出评估完成
2025-08-01 15:36:02,967 - LLM_Logger - INFO - LLM交互 #10 - 生成最终答案 - 提示词已发送
2025-08-01 15:36:03,183 - httpx - INFO - HTTP Request: POST https://ark.cn-beijing.volces.com/api/v3/chat/completions "HTTP/1.1 200 OK"
2025-08-01 15:36:04,221 - LLM_Logger - INFO - LLM交互 #10 - 生成最终答案 - 回应已接收
2025-08-01 15:36:04,223 - LLM_Logger - INFO - 工作流步骤: 工作流完成 - 工作流执行成功: text2cypher_with_1_retry_and_output_check
2025-08-01 15:53:43,892 - sentence_transformers.SentenceTransformer - INFO - Load pretrained SentenceTransformer: BAAI/bge-m3
2025-08-01 16:15:53,912 - sentence_transformers.SentenceTransformer - INFO - Load pretrained SentenceTransformer: BAAI/bge-m3
2025-08-01 16:18:08,737 - sentence_transformers.SentenceTransformer - INFO - Load pretrained SentenceTransformer: BAAI/bge-m3
2025-08-01 16:18:42,473 - LLM_Logger - INFO - 工作流步骤: 工作流开始 - 开始执行工作流: text2cypher_with_1_retry_and_output_check
2025-08-01 16:18:42,556 - LLM_Logger - INFO - 工作流步骤: 步骤开始 - 开始生成Cypher查询
2025-08-01 16:18:44,201 - asyncio - ERROR - Exception in callback functools.partial(<function Dispatcher.span.<locals>.wrapper.<locals>.handle_future_result at 0x7b3ea9e8cc10>, span_id='Workflow.run-34f8c314-d9be-4111-a049-751f4138967b', bound_args=<BoundArguments (kwargs={'graph_context': '当前正在查看知识图谱数据', 'user_query': '小明和小华有什么关系', 'timestamp': '2025-08-01T08:18:17.393Z', 'input': '小明和小华有什么关系'})>, instance=<cypher_workflows.text2cypher_retry_check.NaiveText2CypherRetryCheckFlow object at 0x7b3ea9ed0b50>, context=<_contextvars.Context object at 0x7b3ea9d13280>)
handle: <Handle functools.partial(<function Dispatcher.span.<locals>.wrapper.<locals>.handle_future_result at 0x7b3ea9e8cc10>, span_id='Workflow.run-34f8c314-d9be-4111-a049-751f4138967b', bound_args=<BoundArguments (kwargs={'graph_context': '当前正在查看知识图谱数据', 'user_query': '小明和小华有什么关系', 'timestamp': '2025-08-01T08:18:17.393Z', 'input': '小明和小华有什么关系'})>, instance=<cypher_workflows.text2cypher_retry_check.NaiveText2CypherRetryCheckFlow object at 0x7b3ea9ed0b50>, context=<_contextvars.Context object at 0x7b3ea9d13280>)>
Traceback (most recent call last):
  File "/home/g0j/桌面/new/text2cypher_llama_agent/venv/lib/python3.10/site-packages/workflows/context/context.py", line 687, in _step_worker
    new_ev = await instrumented_step(**kwargs)
  File "/home/g0j/桌面/new/text2cypher_llama_agent/venv/lib/python3.10/site-packages/llama_index_instrumentation/dispatcher.py", line 365, in async_wrapper
    result = await func(*args, **kwargs)
  File "/home/g0j/桌面/new/text2cypher_llama_agent/cypher_workflows/text2cypher_retry_check.py", line 90, in generate_cypher
    cypher_query = await generate_cypher_step(
  File "/home/g0j/桌面/new/text2cypher_llama_agent/cypher_workflows/steps/naive_text2cypher/generate_cypher.py", line 81, in generate_cypher_step
    optimized_schema = optimize_schema_for_cypher(raw_schema)
  File "/home/g0j/桌面/new/text2cypher_llama_agent/cypher_workflows/steps/naive_text2cypher/generate_cypher.py", line 149, in optimize_schema_for_cypher
    for rel in raw_schema['relationships']:
TypeError: string indices must be integers

The above exception was the direct cause of the following exception:

Traceback (most recent call last):
  File "uvloop/cbhandles.pyx", line 63, in uvloop.loop.Handle._run
  File "/home/g0j/桌面/new/text2cypher_llama_agent/venv/lib/python3.10/site-packages/llama_index_instrumentation/dispatcher.py", line 290, in handle_future_result
    raise exception
  File "/home/g0j/桌面/new/text2cypher_llama_agent/venv/lib/python3.10/site-packages/workflows/workflow.py", line 416, in _run_workflow
    raise exception_raised
  File "/home/g0j/桌面/new/text2cypher_llama_agent/venv/lib/python3.10/site-packages/workflows/context/context.py", line 696, in _step_worker
    raise WorkflowRuntimeError(
workflows.errors.WorkflowRuntimeError: Error in step 'generate_cypher': string indices must be integers
2025-08-01 16:18:44,206 - LLM_Logger - INFO - 工作流步骤: 工作流错误 - 工作流执行失败: text2cypher_with_1_retry_and_output_check
2025-08-01 16:55:28,923 - sentence_transformers.SentenceTransformer - INFO - Load pretrained SentenceTransformer: BAAI/bge-m3
2025-08-01 16:56:32,554 - sentence_transformers.SentenceTransformer - INFO - Load pretrained SentenceTransformer: BAAI/bge-m3
2025-08-01 16:56:51,665 - LLM_Logger - INFO - 工作流步骤: 工作流开始 - 开始执行工作流: text2cypher_with_1_retry_and_output_check
2025-08-01 16:56:51,692 - LLM_Logger - INFO - 工作流步骤: 步骤开始 - 开始生成Cypher查询
2025-08-01 16:56:54,961 - LLM_Logger - INFO - LLM交互 #1 - 生成Cypher查询 - 提示词已发送
2025-08-01 16:56:59,587 - httpx - INFO - HTTP Request: POST https://ark.cn-beijing.volces.com/api/v3/chat/completions "HTTP/1.1 200 OK"
2025-08-01 16:56:59,590 - LLM_Logger - INFO - LLM交互 #1 - 生成Cypher查询 - 回应已接收
2025-08-01 16:56:59,591 - LLM_Logger - INFO - 工作流步骤: 步骤完成 - Cypher查询生成完成
2025-08-01 16:56:59,591 - LLM_Logger - INFO - 工作流步骤: 步骤开始 - 开始执行Cypher查询
2025-08-01 16:57:00,446 - LLM_Logger - INFO - 工作流步骤: 步骤完成 - Cypher查询执行成功
2025-08-01 16:57:00,447 - LLM_Logger - INFO - 工作流步骤: 步骤开始 - 开始评估数据库输出
2025-08-01 16:57:00,447 - LLM_Logger - INFO - LLM交互 #2 - 评估数据库输出 - 提示词已发送
2025-08-01 16:57:02,899 - httpx - INFO - HTTP Request: POST https://ark.cn-beijing.volces.com/api/v3/chat/completions "HTTP/1.1 200 OK"
2025-08-01 16:57:02,900 - LLM_Logger - INFO - LLM交互 #2 - 评估数据库输出 - 回应已接收
2025-08-01 16:57:02,900 - LLM_Logger - INFO - 工作流步骤: 步骤完成 - 数据库输出评估完成
2025-08-01 16:57:02,900 - LLM_Logger - INFO - 工作流步骤: 步骤开始 - 开始修正Cypher查询
2025-08-01 16:57:02,900 - LLM_Logger - INFO - LLM交互 #3 - 修正Cypher查询 - 提示词已发送
2025-08-01 16:57:04,233 - httpx - INFO - HTTP Request: POST https://ark.cn-beijing.volces.com/api/v3/chat/completions "HTTP/1.1 200 OK"
2025-08-01 16:57:04,234 - LLM_Logger - INFO - LLM交互 #3 - 修正Cypher查询 - 回应已接收
2025-08-01 16:57:04,234 - LLM_Logger - INFO - 工作流步骤: 步骤完成 - Cypher查询修正完成
2025-08-01 16:57:04,235 - LLM_Logger - INFO - 工作流步骤: 步骤开始 - 开始执行Cypher查询
2025-08-01 16:57:04,282 - LLM_Logger - INFO - 工作流步骤: 步骤完成 - Cypher查询执行成功
2025-08-01 16:57:04,282 - LLM_Logger - INFO - 工作流步骤: 步骤开始 - 开始评估数据库输出
2025-08-01 16:57:04,282 - LLM_Logger - INFO - LLM交互 #4 - 评估数据库输出 - 提示词已发送
2025-08-01 16:57:06,754 - httpx - INFO - HTTP Request: POST https://ark.cn-beijing.volces.com/api/v3/chat/completions "HTTP/1.1 200 OK"
2025-08-01 16:57:06,755 - LLM_Logger - INFO - LLM交互 #4 - 评估数据库输出 - 回应已接收
2025-08-01 16:57:06,755 - LLM_Logger - INFO - 工作流步骤: 步骤完成 - 数据库输出评估完成
2025-08-01 16:57:06,755 - LLM_Logger - INFO - 工作流步骤: 步骤开始 - 开始修正Cypher查询
2025-08-01 16:57:06,756 - LLM_Logger - INFO - LLM交互 #5 - 修正Cypher查询 - 提示词已发送
2025-08-01 16:57:08,211 - httpx - INFO - HTTP Request: POST https://ark.cn-beijing.volces.com/api/v3/chat/completions "HTTP/1.1 200 OK"
2025-08-01 16:57:08,212 - LLM_Logger - INFO - LLM交互 #5 - 修正Cypher查询 - 回应已接收
2025-08-01 16:57:08,212 - LLM_Logger - INFO - 工作流步骤: 步骤完成 - Cypher查询修正完成
2025-08-01 16:57:08,213 - LLM_Logger - INFO - 工作流步骤: 步骤开始 - 开始执行Cypher查询
2025-08-01 16:57:08,239 - LLM_Logger - INFO - 工作流步骤: 步骤完成 - Cypher查询执行成功
2025-08-01 16:57:08,239 - LLM_Logger - INFO - 工作流步骤: 步骤开始 - 开始评估数据库输出
2025-08-01 16:57:08,239 - LLM_Logger - INFO - LLM交互 #6 - 评估数据库输出 - 提示词已发送
2025-08-01 16:57:16,061 - httpx - INFO - HTTP Request: POST https://ark.cn-beijing.volces.com/api/v3/chat/completions "HTTP/1.1 200 OK"
2025-08-01 16:57:16,063 - LLM_Logger - INFO - LLM交互 #6 - 评估数据库输出 - 回应已接收
2025-08-01 16:57:16,064 - LLM_Logger - INFO - 工作流步骤: 步骤完成 - 数据库输出评估完成
2025-08-01 16:57:16,938 - LLM_Logger - INFO - LLM交互 #7 - 生成最终答案 - 提示词已发送
2025-08-01 16:57:17,168 - httpx - INFO - HTTP Request: POST https://ark.cn-beijing.volces.com/api/v3/chat/completions "HTTP/1.1 200 OK"
2025-08-01 16:57:18,274 - LLM_Logger - INFO - LLM交互 #7 - 生成最终答案 - 回应已接收
2025-08-01 16:57:18,275 - LLM_Logger - INFO - 工作流步骤: 工作流完成 - 工作流执行成功: text2cypher_with_1_retry_and_output_check
2025-08-01 17:18:31,254 - sentence_transformers.SentenceTransformer - INFO - Load pretrained SentenceTransformer: BAAI/bge-m3
2025-08-01 17:19:00,905 - sentence_transformers.SentenceTransformer - INFO - Load pretrained SentenceTransformer: BAAI/bge-m3
2025-08-01 17:20:08,585 - LLM_Logger - INFO - 工作流步骤: 工作流开始 - 开始执行工作流: text2cypher_with_1_retry_and_output_check
2025-08-01 17:20:08,617 - LLM_Logger - INFO - 工作流步骤: 步骤开始 - 开始生成Cypher查询
2025-08-01 17:20:08,755 - LLM_Logger - INFO - LLM交互 #1 - 生成Cypher查询 - 提示词已发送
2025-08-01 17:20:10,462 - httpx - INFO - HTTP Request: POST https://ark.cn-beijing.volces.com/api/v3/chat/completions "HTTP/1.1 200 OK"
2025-08-01 17:20:10,464 - LLM_Logger - INFO - LLM交互 #1 - 生成Cypher查询 - 回应已接收
2025-08-01 17:20:10,464 - LLM_Logger - INFO - 工作流步骤: 步骤完成 - Cypher查询生成完成
2025-08-01 17:20:10,464 - LLM_Logger - INFO - 工作流步骤: 步骤开始 - 开始执行Cypher查询
2025-08-01 17:20:10,523 - LLM_Logger - INFO - 工作流步骤: 步骤完成 - Cypher查询执行成功
2025-08-01 17:20:10,524 - LLM_Logger - INFO - 工作流步骤: 步骤开始 - 开始评估数据库输出
2025-08-01 17:20:10,524 - LLM_Logger - INFO - LLM交互 #2 - 评估数据库输出 - 提示词已发送
2025-08-01 17:20:14,238 - httpx - INFO - HTTP Request: POST https://ark.cn-beijing.volces.com/api/v3/chat/completions "HTTP/1.1 200 OK"
2025-08-01 17:20:14,240 - LLM_Logger - INFO - LLM交互 #2 - 评估数据库输出 - 回应已接收
2025-08-01 17:20:14,240 - LLM_Logger - INFO - 工作流步骤: 步骤完成 - 数据库输出评估完成
2025-08-01 17:20:14,240 - LLM_Logger - INFO - 工作流步骤: 步骤开始 - 开始修正Cypher查询
2025-08-01 17:20:14,240 - LLM_Logger - INFO - LLM交互 #3 - 修正Cypher查询 - 提示词已发送
2025-08-01 17:20:47,035 - httpx - INFO - HTTP Request: POST https://ark.cn-beijing.volces.com/api/v3/chat/completions "HTTP/1.1 200 OK"
2025-08-01 17:20:47,036 - LLM_Logger - INFO - LLM交互 #3 - 修正Cypher查询 - 回应已接收
2025-08-01 17:20:47,045 - LLM_Logger - INFO - 工作流步骤: 步骤完成 - Cypher查询修正完成
2025-08-01 17:20:47,046 - LLM_Logger - INFO - 工作流步骤: 步骤开始 - 开始执行Cypher查询
2025-08-01 17:20:47,080 - LLM_Logger - INFO - 工作流步骤: 步骤错误 - Cypher查询执行失败
2025-08-01 17:20:47,081 - LLM_Logger - INFO - 工作流步骤: 步骤开始 - 开始修正Cypher查询
2025-08-01 17:20:47,081 - LLM_Logger - INFO - LLM交互 #4 - 修正Cypher查询 - 提示词已发送
2025-08-01 17:20:48,941 - httpx - INFO - HTTP Request: POST https://ark.cn-beijing.volces.com/api/v3/chat/completions "HTTP/1.1 200 OK"
2025-08-01 17:20:48,942 - LLM_Logger - INFO - LLM交互 #4 - 修正Cypher查询 - 回应已接收
2025-08-01 17:20:48,942 - LLM_Logger - INFO - 工作流步骤: 步骤完成 - Cypher查询修正完成
2025-08-01 17:20:48,944 - LLM_Logger - INFO - 工作流步骤: 步骤开始 - 开始执行Cypher查询
2025-08-01 17:20:48,976 - LLM_Logger - INFO - 工作流步骤: 步骤完成 - Cypher查询执行成功
2025-08-01 17:20:48,976 - LLM_Logger - INFO - 工作流步骤: 步骤开始 - 开始评估数据库输出
2025-08-01 17:20:48,977 - LLM_Logger - INFO - LLM交互 #5 - 评估数据库输出 - 提示词已发送
2025-08-01 17:20:51,731 - httpx - INFO - HTTP Request: POST https://ark.cn-beijing.volces.com/api/v3/chat/completions "HTTP/1.1 200 OK"
2025-08-01 17:20:51,732 - LLM_Logger - INFO - LLM交互 #5 - 评估数据库输出 - 回应已接收
2025-08-01 17:20:51,732 - LLM_Logger - INFO - 工作流步骤: 步骤完成 - 数据库输出评估完成
2025-08-01 17:20:51,940 - LLM_Logger - INFO - LLM交互 #6 - 生成最终答案 - 提示词已发送
2025-08-01 17:20:52,347 - httpx - INFO - HTTP Request: POST https://ark.cn-beijing.volces.com/api/v3/chat/completions "HTTP/1.1 200 OK"
2025-08-01 17:20:53,952 - LLM_Logger - INFO - LLM交互 #6 - 生成最终答案 - 回应已接收
2025-08-01 17:20:53,952 - LLM_Logger - INFO - 工作流步骤: 工作流完成 - 工作流执行成功: text2cypher_with_1_retry_and_output_check
2025-08-01 17:40:40,873 - sentence_transformers.SentenceTransformer - INFO - Load pretrained SentenceTransformer: BAAI/bge-m3
2025-08-01 17:41:41,105 - sentence_transformers.SentenceTransformer - INFO - Load pretrained SentenceTransformer: BAAI/bge-m3
2025-08-01 17:48:40,129 - sentence_transformers.SentenceTransformer - INFO - Load pretrained SentenceTransformer: BAAI/bge-m3
2025-08-01 17:53:04,520 - sentence_transformers.SentenceTransformer - INFO - Load pretrained SentenceTransformer: BAAI/bge-m3
2025-08-01 17:59:40,739 - sentence_transformers.SentenceTransformer - INFO - Load pretrained SentenceTransformer: BAAI/bge-m3
2025-08-01 18:01:51,800 - sentence_transformers.SentenceTransformer - INFO - Load pretrained SentenceTransformer: BAAI/bge-m3
2025-08-01 18:11:51,418 - LLM_Logger - INFO - 工作流步骤: 工作流开始 - 开始执行工作流: text2cypher_with_1_retry_and_output_check
2025-08-01 18:11:51,731 - LLM_Logger - INFO - 工作流步骤: 步骤开始 - 开始生成Cypher查询
2025-08-01 18:11:52,933 - LLM_Logger - INFO - LLM交互 #1 - 生成Cypher查询 - 提示词已发送
2025-08-01 18:11:55,621 - httpx - INFO - HTTP Request: POST https://ark.cn-beijing.volces.com/api/v3/chat/completions "HTTP/1.1 200 OK"
2025-08-01 18:11:55,628 - LLM_Logger - INFO - LLM交互 #1 - 生成Cypher查询 - 回应已接收
2025-08-01 18:11:55,628 - LLM_Logger - INFO - 工作流步骤: 步骤完成 - Cypher查询生成完成
2025-08-01 18:11:55,629 - LLM_Logger - INFO - 工作流步骤: 步骤开始 - 开始执行Cypher查询
2025-08-01 18:11:55,691 - LLM_Logger - INFO - 工作流步骤: 步骤完成 - Cypher查询执行成功
2025-08-01 18:11:55,692 - LLM_Logger - INFO - 工作流步骤: 步骤开始 - 开始评估数据库输出
2025-08-01 18:11:55,693 - LLM_Logger - INFO - LLM交互 #2 - 评估数据库输出 - 提示词已发送
2025-08-01 18:11:58,464 - httpx - INFO - HTTP Request: POST https://ark.cn-beijing.volces.com/api/v3/chat/completions "HTTP/1.1 200 OK"
2025-08-01 18:11:58,466 - LLM_Logger - INFO - LLM交互 #2 - 评估数据库输出 - 回应已接收
2025-08-01 18:11:58,466 - LLM_Logger - INFO - 工作流步骤: 步骤完成 - 数据库输出评估完成
2025-08-01 18:11:58,467 - LLM_Logger - INFO - 工作流步骤: 步骤开始 - 开始修正Cypher查询
2025-08-01 18:11:58,467 - LLM_Logger - INFO - LLM交互 #3 - 修正Cypher查询 - 提示词已发送
2025-08-01 18:11:59,855 - httpx - INFO - HTTP Request: POST https://ark.cn-beijing.volces.com/api/v3/chat/completions "HTTP/1.1 200 OK"
2025-08-01 18:11:59,857 - LLM_Logger - INFO - LLM交互 #3 - 修正Cypher查询 - 回应已接收
2025-08-01 18:11:59,857 - LLM_Logger - INFO - 工作流步骤: 步骤完成 - Cypher查询修正完成
2025-08-01 18:11:59,857 - LLM_Logger - INFO - 工作流步骤: 步骤开始 - 开始执行Cypher查询
2025-08-01 18:11:59,945 - LLM_Logger - INFO - 工作流步骤: 步骤完成 - Cypher查询执行成功
2025-08-01 18:11:59,945 - LLM_Logger - INFO - 工作流步骤: 步骤开始 - 开始评估数据库输出
2025-08-01 18:11:59,945 - LLM_Logger - INFO - LLM交互 #4 - 评估数据库输出 - 提示词已发送
2025-08-01 18:12:02,546 - httpx - INFO - HTTP Request: POST https://ark.cn-beijing.volces.com/api/v3/chat/completions "HTTP/1.1 200 OK"
2025-08-01 18:12:02,547 - LLM_Logger - INFO - LLM交互 #4 - 评估数据库输出 - 回应已接收
2025-08-01 18:12:02,547 - LLM_Logger - INFO - 工作流步骤: 步骤完成 - 数据库输出评估完成
2025-08-01 18:12:02,548 - LLM_Logger - INFO - 工作流步骤: 步骤开始 - 开始修正Cypher查询
2025-08-01 18:12:02,548 - LLM_Logger - INFO - LLM交互 #5 - 修正Cypher查询 - 提示词已发送
2025-08-01 18:12:03,664 - httpx - INFO - HTTP Request: POST https://ark.cn-beijing.volces.com/api/v3/chat/completions "HTTP/1.1 200 OK"
2025-08-01 18:12:03,665 - LLM_Logger - INFO - LLM交互 #5 - 修正Cypher查询 - 回应已接收
2025-08-01 18:12:03,665 - LLM_Logger - INFO - 工作流步骤: 步骤完成 - Cypher查询修正完成
2025-08-01 18:12:03,665 - LLM_Logger - INFO - 工作流步骤: 步骤开始 - 开始执行Cypher查询
2025-08-01 18:12:03,689 - LLM_Logger - INFO - 工作流步骤: 步骤完成 - Cypher查询执行成功
2025-08-01 18:12:03,690 - LLM_Logger - INFO - 工作流步骤: 步骤开始 - 开始评估数据库输出
2025-08-01 18:12:03,690 - LLM_Logger - INFO - LLM交互 #6 - 评估数据库输出 - 提示词已发送
2025-08-01 18:12:07,251 - httpx - INFO - HTTP Request: POST https://ark.cn-beijing.volces.com/api/v3/chat/completions "HTTP/1.1 200 OK"
2025-08-01 18:12:07,253 - LLM_Logger - INFO - LLM交互 #6 - 评估数据库输出 - 回应已接收
2025-08-01 18:12:07,253 - LLM_Logger - INFO - 工作流步骤: 步骤完成 - 数据库输出评估完成
2025-08-01 18:12:07,937 - LLM_Logger - INFO - LLM交互 #7 - 生成最终答案 - 提示词已发送
2025-08-01 18:12:08,275 - httpx - INFO - HTTP Request: POST https://ark.cn-beijing.volces.com/api/v3/chat/completions "HTTP/1.1 200 OK"
2025-08-01 18:12:14,288 - LLM_Logger - INFO - LLM交互 #7 - 生成最终答案 - 回应已接收
2025-08-01 18:12:14,289 - LLM_Logger - INFO - 工作流步骤: 工作流完成 - 工作流执行成功: text2cypher_with_1_retry_and_output_check
2025-08-01 18:22:11,289 - sentence_transformers.SentenceTransformer - INFO - Load pretrained SentenceTransformer: BAAI/bge-m3
2025-08-01 18:23:08,384 - sentence_transformers.SentenceTransformer - INFO - Load pretrained SentenceTransformer: BAAI/bge-m3
2025-08-01 18:28:35,034 - LLM_Logger - INFO - 工作流步骤: 工作流开始 - 开始执行工作流: text2cypher_with_1_retry_and_output_check
2025-08-01 18:28:35,170 - LLM_Logger - INFO - 工作流步骤: 步骤开始 - 开始生成Cypher查询
2025-08-01 18:28:35,980 - LLM_Logger - INFO - LLM交互 #1 - 生成Cypher查询 - 提示词已发送
2025-08-01 18:28:38,300 - httpx - INFO - HTTP Request: POST https://ark.cn-beijing.volces.com/api/v3/chat/completions "HTTP/1.1 200 OK"
2025-08-01 18:28:38,303 - LLM_Logger - INFO - LLM交互 #1 - 生成Cypher查询 - 回应已接收
2025-08-01 18:28:38,303 - LLM_Logger - INFO - 工作流步骤: 步骤完成 - Cypher查询生成完成
2025-08-01 18:28:38,303 - LLM_Logger - INFO - 工作流步骤: 步骤开始 - 开始执行Cypher查询
2025-08-01 18:28:39,146 - LLM_Logger - INFO - 工作流步骤: 步骤完成 - Cypher查询执行成功
2025-08-01 18:28:39,147 - LLM_Logger - INFO - 工作流步骤: 步骤开始 - 开始评估数据库输出
2025-08-01 18:28:39,147 - LLM_Logger - INFO - LLM交互 #2 - 评估数据库输出 - 提示词已发送
2025-08-01 18:28:43,054 - httpx - INFO - HTTP Request: POST https://ark.cn-beijing.volces.com/api/v3/chat/completions "HTTP/1.1 200 OK"
2025-08-01 18:28:43,056 - LLM_Logger - INFO - LLM交互 #2 - 评估数据库输出 - 回应已接收
2025-08-01 18:28:43,057 - LLM_Logger - INFO - 工作流步骤: 步骤完成 - 数据库输出评估完成
2025-08-01 18:28:43,058 - LLM_Logger - INFO - 工作流步骤: 步骤开始 - 开始修正Cypher查询
2025-08-01 18:28:43,058 - LLM_Logger - INFO - LLM交互 #3 - 修正Cypher查询 - 提示词已发送
2025-08-01 18:28:48,518 - httpx - INFO - HTTP Request: POST https://ark.cn-beijing.volces.com/api/v3/chat/completions "HTTP/1.1 200 OK"
2025-08-01 18:28:48,520 - LLM_Logger - INFO - LLM交互 #3 - 修正Cypher查询 - 回应已接收
2025-08-01 18:28:48,521 - LLM_Logger - INFO - 工作流步骤: 步骤完成 - Cypher查询修正完成
2025-08-01 18:28:48,521 - LLM_Logger - INFO - 工作流步骤: 步骤开始 - 开始执行Cypher查询
2025-08-01 18:28:48,533 - LLM_Logger - INFO - 工作流步骤: 步骤完成 - Cypher查询执行成功
2025-08-01 18:28:48,534 - LLM_Logger - INFO - 工作流步骤: 步骤开始 - 开始评估数据库输出
2025-08-01 18:28:48,534 - LLM_Logger - INFO - LLM交互 #4 - 评估数据库输出 - 提示词已发送
2025-08-01 18:28:51,194 - httpx - INFO - HTTP Request: POST https://ark.cn-beijing.volces.com/api/v3/chat/completions "HTTP/1.1 200 OK"
2025-08-01 18:28:51,196 - LLM_Logger - INFO - LLM交互 #4 - 评估数据库输出 - 回应已接收
2025-08-01 18:28:51,196 - LLM_Logger - INFO - 工作流步骤: 步骤完成 - 数据库输出评估完成
2025-08-01 18:28:51,196 - LLM_Logger - INFO - 工作流步骤: 步骤开始 - 开始修正Cypher查询
2025-08-01 18:28:51,197 - LLM_Logger - INFO - LLM交互 #5 - 修正Cypher查询 - 提示词已发送
2025-08-01 18:28:52,678 - httpx - INFO - HTTP Request: POST https://ark.cn-beijing.volces.com/api/v3/chat/completions "HTTP/1.1 200 OK"
2025-08-01 18:28:52,679 - LLM_Logger - INFO - LLM交互 #5 - 修正Cypher查询 - 回应已接收
2025-08-01 18:28:52,679 - LLM_Logger - INFO - 工作流步骤: 步骤完成 - Cypher查询修正完成
2025-08-01 18:28:52,680 - LLM_Logger - INFO - 工作流步骤: 步骤开始 - 开始执行Cypher查询
2025-08-01 18:28:53,010 - LLM_Logger - INFO - 工作流步骤: 步骤错误 - Cypher查询执行失败
2025-08-01 18:28:53,010 - LLM_Logger - INFO - 工作流步骤: 步骤开始 - 开始评估数据库输出
2025-08-01 18:28:53,011 - LLM_Logger - INFO - LLM交互 #6 - 评估数据库输出 - 提示词已发送
2025-08-01 18:28:56,556 - httpx - INFO - HTTP Request: POST https://ark.cn-beijing.volces.com/api/v3/chat/completions "HTTP/1.1 200 OK"
2025-08-01 18:28:56,557 - LLM_Logger - INFO - LLM交互 #6 - 评估数据库输出 - 回应已接收
2025-08-01 18:28:56,557 - LLM_Logger - INFO - 工作流步骤: 步骤完成 - 数据库输出评估完成
2025-08-01 18:28:57,288 - LLM_Logger - INFO - LLM交互 #7 - 生成最终答案 - 提示词已发送
2025-08-01 18:28:57,464 - httpx - INFO - HTTP Request: POST https://ark.cn-beijing.volces.com/api/v3/chat/completions "HTTP/1.1 200 OK"
2025-08-01 18:28:58,646 - LLM_Logger - INFO - LLM交互 #7 - 生成最终答案 - 回应已接收
2025-08-01 18:28:58,647 - LLM_Logger - INFO - 工作流步骤: 工作流完成 - 工作流执行成功: text2cypher_with_1_retry_and_output_check
2025-08-01 18:31:28,717 - LLM_Logger - INFO - LLM交互 #8 - 生成Cypher查询 - 提示词已发送
2025-08-01 18:31:36,572 - httpx - INFO - HTTP Request: POST https://ark.cn-beijing.volces.com/api/v3/chat/completions "HTTP/1.1 200 OK"
2025-08-01 18:31:36,573 - LLM_Logger - INFO - LLM交互 #8 - 生成Cypher查询 - 回应已接收
2025-08-01 18:31:36,645 - LLM_Logger - INFO - LLM交互 #9 - 生成最终答案(简单流程) - 提示词已发送
2025-08-01 18:31:37,084 - httpx - INFO - HTTP Request: POST https://ark.cn-beijing.volces.com/api/v3/chat/completions "HTTP/1.1 200 OK"
2025-08-01 18:31:54,476 - LLM_Logger - INFO - LLM交互 #9 - 生成最终答案(简单流程) - 回应已接收
2025-08-01 18:32:26,356 - LLM_Logger - INFO - LLM交互 #10 - 生成Cypher查询 - 提示词已发送
2025-08-01 18:32:28,495 - httpx - INFO - HTTP Request: POST https://ark.cn-beijing.volces.com/api/v3/chat/completions "HTTP/1.1 200 OK"
2025-08-01 18:32:28,496 - LLM_Logger - INFO - LLM交互 #10 - 生成Cypher查询 - 回应已接收
2025-08-01 18:32:28,533 - LLM_Logger - INFO - LLM交互 #11 - 生成最终答案(简单流程) - 提示词已发送
2025-08-01 18:32:28,904 - httpx - INFO - HTTP Request: POST https://ark.cn-beijing.volces.com/api/v3/chat/completions "HTTP/1.1 200 OK"
2025-08-01 18:32:31,304 - LLM_Logger - INFO - LLM交互 #11 - 生成最终答案(简单流程) - 回应已接收
2025-08-01 18:35:17,531 - LLM_Logger - INFO - 工作流步骤: 工作流开始 - 开始执行工作流: text2cypher_with_1_retry_and_output_check
2025-08-01 18:35:17,546 - LLM_Logger - INFO - 工作流步骤: 步骤开始 - 开始生成Cypher查询
2025-08-01 18:35:17,646 - LLM_Logger - INFO - LLM交互 #12 - 生成Cypher查询 - 提示词已发送
2025-08-01 18:35:19,398 - httpx - INFO - HTTP Request: POST https://ark.cn-beijing.volces.com/api/v3/chat/completions "HTTP/1.1 200 OK"
2025-08-01 18:35:19,399 - LLM_Logger - INFO - LLM交互 #12 - 生成Cypher查询 - 回应已接收
2025-08-01 18:35:19,399 - LLM_Logger - INFO - 工作流步骤: 步骤完成 - Cypher查询生成完成
2025-08-01 18:35:19,407 - LLM_Logger - INFO - 工作流步骤: 步骤开始 - 开始执行Cypher查询
2025-08-01 18:35:19,443 - LLM_Logger - INFO - 工作流步骤: 步骤完成 - Cypher查询执行成功
2025-08-01 18:35:19,444 - LLM_Logger - INFO - 工作流步骤: 步骤开始 - 开始评估数据库输出
2025-08-01 18:35:19,444 - LLM_Logger - INFO - LLM交互 #13 - 评估数据库输出 - 提示词已发送
2025-08-01 18:35:22,149 - httpx - INFO - HTTP Request: POST https://ark.cn-beijing.volces.com/api/v3/chat/completions "HTTP/1.1 200 OK"
2025-08-01 18:35:22,150 - LLM_Logger - INFO - LLM交互 #13 - 评估数据库输出 - 回应已接收
2025-08-01 18:35:22,150 - LLM_Logger - INFO - 工作流步骤: 步骤完成 - 数据库输出评估完成
2025-08-01 18:35:22,151 - LLM_Logger - INFO - 工作流步骤: 步骤开始 - 开始修正Cypher查询
2025-08-01 18:35:22,151 - LLM_Logger - INFO - LLM交互 #14 - 修正Cypher查询 - 提示词已发送
2025-08-01 18:35:24,312 - httpx - INFO - HTTP Request: POST https://ark.cn-beijing.volces.com/api/v3/chat/completions "HTTP/1.1 200 OK"
2025-08-01 18:35:24,313 - LLM_Logger - INFO - LLM交互 #14 - 修正Cypher查询 - 回应已接收
2025-08-01 18:35:24,315 - LLM_Logger - INFO - 工作流步骤: 步骤完成 - Cypher查询修正完成
2025-08-01 18:35:24,315 - LLM_Logger - INFO - 工作流步骤: 步骤开始 - 开始执行Cypher查询
2025-08-01 18:35:24,335 - LLM_Logger - INFO - 工作流步骤: 步骤错误 - Cypher查询执行失败
2025-08-01 18:35:24,335 - LLM_Logger - INFO - 工作流步骤: 步骤开始 - 开始修正Cypher查询
2025-08-01 18:35:24,336 - LLM_Logger - INFO - LLM交互 #15 - 修正Cypher查询 - 提示词已发送
2025-08-01 18:35:26,053 - httpx - INFO - HTTP Request: POST https://ark.cn-beijing.volces.com/api/v3/chat/completions "HTTP/1.1 200 OK"
2025-08-01 18:35:26,055 - LLM_Logger - INFO - LLM交互 #15 - 修正Cypher查询 - 回应已接收
2025-08-01 18:35:26,055 - LLM_Logger - INFO - 工作流步骤: 步骤完成 - Cypher查询修正完成
2025-08-01 18:35:26,056 - LLM_Logger - INFO - 工作流步骤: 步骤开始 - 开始执行Cypher查询
2025-08-01 18:35:26,081 - LLM_Logger - INFO - 工作流步骤: 步骤错误 - Cypher查询执行失败
2025-08-01 18:35:26,081 - LLM_Logger - INFO - 工作流步骤: 步骤开始 - 开始评估数据库输出
2025-08-01 18:35:26,082 - LLM_Logger - INFO - LLM交互 #16 - 评估数据库输出 - 提示词已发送
2025-08-01 18:35:30,052 - httpx - INFO - HTTP Request: POST https://ark.cn-beijing.volces.com/api/v3/chat/completions "HTTP/1.1 200 OK"
2025-08-01 18:35:30,053 - LLM_Logger - INFO - LLM交互 #16 - 评估数据库输出 - 回应已接收
2025-08-01 18:35:30,053 - LLM_Logger - INFO - 工作流步骤: 步骤完成 - 数据库输出评估完成
2025-08-01 18:35:30,149 - LLM_Logger - INFO - LLM交互 #17 - 生成最终答案 - 提示词已发送
2025-08-01 18:35:30,480 - httpx - INFO - HTTP Request: POST https://ark.cn-beijing.volces.com/api/v3/chat/completions "HTTP/1.1 200 OK"
2025-08-01 18:35:31,838 - LLM_Logger - INFO - LLM交互 #17 - 生成最终答案 - 回应已接收
2025-08-01 18:35:31,839 - LLM_Logger - INFO - 工作流步骤: 工作流完成 - 工作流执行成功: text2cypher_with_1_retry_and_output_check
2025-08-01 18:42:13,904 - LLM_Logger - INFO - 工作流步骤: 工作流开始 - 开始执行工作流: naive_text2cypher
2025-08-01 18:42:13,988 - LLM_Logger - INFO - LLM交互 #18 - 生成Cypher查询 - 提示词已发送
2025-08-01 18:42:21,498 - httpx - INFO - HTTP Request: POST https://ark.cn-beijing.volces.com/api/v3/chat/completions "HTTP/1.1 200 OK"
2025-08-01 18:42:21,499 - LLM_Logger - INFO - LLM交互 #18 - 生成Cypher查询 - 回应已接收
2025-08-01 18:42:21,532 - LLM_Logger - INFO - LLM交互 #19 - 生成最终答案(简单流程) - 提示词已发送
2025-08-01 18:42:21,911 - httpx - INFO - HTTP Request: POST https://ark.cn-beijing.volces.com/api/v3/chat/completions "HTTP/1.1 200 OK"
2025-08-01 18:42:33,054 - LLM_Logger - INFO - LLM交互 #19 - 生成最终答案(简单流程) - 回应已接收
2025-08-01 18:42:33,062 - LLM_Logger - INFO - 工作流步骤: 工作流完成 - 工作流执行成功: naive_text2cypher
2025-08-01 19:04:35,831 - sentence_transformers.SentenceTransformer - INFO - Load pretrained SentenceTransformer: BAAI/bge-m3
2025-08-01 19:05:46,216 - sentence_transformers.SentenceTransformer - INFO - Load pretrained SentenceTransformer: BAAI/bge-m3
2025-08-01 19:06:04,616 - LLM_Logger - INFO - 工作流步骤: 工作流开始 - 开始执行工作流: naive_text2cypher
2025-08-01 19:06:05,270 - LLM_Logger - INFO - LLM交互 #1 - 生成Cypher查询 - 提示词已发送
2025-08-01 19:06:14,134 - httpx - INFO - HTTP Request: POST https://ark.cn-beijing.volces.com/api/v3/chat/completions "HTTP/1.1 200 OK"
2025-08-01 19:06:14,138 - LLM_Logger - INFO - LLM交互 #1 - 生成Cypher查询 - 回应已接收
2025-08-01 19:06:14,158 - LLM_Logger - INFO - LLM交互 #2 - 生成最终答案(简单流程) - 提示词已发送
2025-08-01 19:06:14,506 - httpx - INFO - HTTP Request: POST https://ark.cn-beijing.volces.com/api/v3/chat/completions "HTTP/1.1 200 OK"
2025-08-01 19:06:29,828 - LLM_Logger - INFO - LLM交互 #2 - 生成最终答案(简单流程) - 回应已接收
2025-08-01 19:06:29,828 - LLM_Logger - INFO - 工作流步骤: 工作流完成 - 工作流执行成功: naive_text2cypher
2025-08-05 17:12:26,848 - neo4j.pool - WARNING - Transaction failed and will be retried in 1.0874141891365612s (Couldn't connect to localhost:7687 (resolved to ('127.0.0.1:7687',)):
Failed to establish connection to ResolvedIPv4Address(('127.0.0.1', 7687)) (reason [Errno 111] Connection refused))
2025-08-05 17:12:27,937 - neo4j.pool - WARNING - Transaction failed and will be retried in 1.6449651035814266s (Couldn't connect to localhost:7687 (resolved to ('127.0.0.1:7687',)):
Failed to establish connection to ResolvedIPv4Address(('127.0.0.1', 7687)) (reason [Errno 111] Connection refused))
2025-08-05 17:12:29,584 - neo4j.pool - WARNING - Transaction failed and will be retried in 3.424149529536467s (Couldn't connect to localhost:7687 (resolved to ('127.0.0.1:7687',)):
Failed to establish connection to ResolvedIPv4Address(('127.0.0.1', 7687)) (reason [Errno 111] Connection refused))
2025-08-05 17:12:33,012 - neo4j.pool - WARNING - Transaction failed and will be retried in 8.773845409379636s (Couldn't connect to localhost:7687 (resolved to ('127.0.0.1:7687',)):
Failed to establish connection to ResolvedIPv4Address(('127.0.0.1', 7687)) (reason [Errno 111] Connection refused))
2025-08-05 17:12:41,795 - neo4j.pool - WARNING - Transaction failed and will be retried in 15.347221530352058s (Couldn't connect to localhost:7687 (resolved to ('127.0.0.1:7687',)):
Failed to establish connection to ResolvedIPv4Address(('127.0.0.1', 7687)) (reason [Errno 111] Connection refused))
2025-08-05 17:12:57,146 - sentence_transformers.SentenceTransformer - INFO - Load pretrained SentenceTransformer: BAAI/bge-m3
2025-08-05 17:17:09,456 - sentence_transformers.SentenceTransformer - INFO - Load pretrained SentenceTransformer: BAAI/bge-m3
2025-08-05 17:18:52,341 - sentence_transformers.SentenceTransformer - INFO - Load pretrained SentenceTransformer: BAAI/bge-m3
2025-08-05 17:19:32,109 - sentence_transformers.SentenceTransformer - INFO - Load pretrained SentenceTransformer: BAAI/bge-m3
2025-08-05 17:19:52,918 - sentence_transformers.SentenceTransformer - INFO - Load pretrained SentenceTransformer: BAAI/bge-m3
2025-08-05 17:22:12,594 - LLM_Logger - INFO - 工作流步骤: 工作流开始 - 开始执行工作流: naive_text2cypher
2025-08-05 17:22:13,970 - LLM_Logger - INFO - LLM交互 #1 - 生成Cypher查询 - 提示词已发送
2025-08-05 17:22:27,776 - httpx - INFO - HTTP Request: POST https://ark.cn-beijing.volces.com/api/v3/chat/completions "HTTP/1.1 200 OK"
2025-08-05 17:22:27,778 - LLM_Logger - INFO - LLM交互 #1 - 生成Cypher查询 - 回应已接收
2025-08-05 17:22:27,867 - LLM_Logger - INFO - LLM交互 #2 - 生成最终答案(简单流程) - 提示词已发送
2025-08-05 17:22:30,776 - httpx - INFO - HTTP Request: POST https://ark.cn-beijing.volces.com/api/v3/chat/completions "HTTP/1.1 200 OK"
2025-08-05 17:22:40,677 - LLM_Logger - INFO - LLM交互 #2 - 生成最终答案(简单流程) - 回应已接收
2025-08-05 17:22:40,678 - LLM_Logger - INFO - 工作流步骤: 工作流完成 - 工作流执行成功: naive_text2cypher
2025-08-05 22:21:53,521 - sentence_transformers.SentenceTransformer - INFO - Load pretrained SentenceTransformer: BAAI/bge-m3
2025-08-05 22:22:14,153 - sentence_transformers.SentenceTransformer - INFO - Load pretrained SentenceTransformer: BAAI/bge-m3
2025-08-05 22:23:20,403 - sentence_transformers.SentenceTransformer - INFO - Load pretrained SentenceTransformer: BAAI/bge-m3
2025-08-05 22:23:40,337 - sentence_transformers.SentenceTransformer - INFO - Load pretrained SentenceTransformer: BAAI/bge-m3
2025-08-05 22:27:48,654 - sentence_transformers.SentenceTransformer - INFO - Load pretrained SentenceTransformer: BAAI/bge-m3
2025-08-05 22:28:20,934 - sentence_transformers.SentenceTransformer - INFO - Load pretrained SentenceTransformer: BAAI/bge-m3
2025-08-05 22:33:43,906 - sentence_transformers.SentenceTransformer - INFO - Load pretrained SentenceTransformer: BAAI/bge-m3
2025-08-05 22:34:14,263 - sentence_transformers.SentenceTransformer - INFO - Load pretrained SentenceTransformer: BAAI/bge-m3
2025-08-05 22:35:53,238 - sentence_transformers.SentenceTransformer - INFO - Load pretrained SentenceTransformer: BAAI/bge-m3
2025-08-05 22:40:01,238 - sentence_transformers.SentenceTransformer - INFO - Load pretrained SentenceTransformer: BAAI/bge-m3
2025-08-05 22:40:16,538 - sentence_transformers.SentenceTransformer - INFO - Load pretrained SentenceTransformer: BAAI/bge-m3
2025-08-05 22:42:29,572 - sentence_transformers.SentenceTransformer - INFO - Load pretrained SentenceTransformer: BAAI/bge-m3
2025-08-05 22:55:41,615 - sentence_transformers.SentenceTransformer - INFO - Load pretrained SentenceTransformer: BAAI/bge-m3
2025-08-05 22:57:07,796 - sentence_transformers.SentenceTransformer - INFO - Load pretrained SentenceTransformer: BAAI/bge-m3
2025-08-05 23:13:08,440 - sentence_transformers.SentenceTransformer - INFO - Load pretrained SentenceTransformer: BAAI/bge-m3
2025-08-05 23:13:27,101 - sentence_transformers.SentenceTransformer - INFO - Load pretrained SentenceTransformer: BAAI/bge-m3
2025-08-05 23:15:09,881 - sentence_transformers.SentenceTransformer - INFO - Load pretrained SentenceTransformer: BAAI/bge-m3
2025-08-05 23:15:28,152 - sentence_transformers.SentenceTransformer - INFO - Load pretrained SentenceTransformer: BAAI/bge-m3
2025-08-05 23:15:44,238 - sentence_transformers.SentenceTransformer - INFO - Load pretrained SentenceTransformer: BAAI/bge-m3
2025-08-05 23:17:41,133 - sentence_transformers.SentenceTransformer - INFO - Load pretrained SentenceTransformer: BAAI/bge-m3
2025-08-05 15:19:36,818 - sentence_transformers.SentenceTransformer - INFO - Load pretrained SentenceTransformer: BAAI/bge-m3
2025-08-05 15:19:53,242 - sentence_transformers.SentenceTransformer - INFO - Load pretrained SentenceTransformer: BAAI/bge-m3
2025-08-05 15:20:09,381 - sentence_transformers.SentenceTransformer - INFO - Load pretrained SentenceTransformer: BAAI/bge-m3
2025-08-05 15:49:01,441 - sentence_transformers.SentenceTransformer - INFO - Load pretrained SentenceTransformer: BAAI/bge-m3
2025-08-05 16:10:49,797 - sentence_transformers.SentenceTransformer - INFO - Load pretrained SentenceTransformer: BAAI/bge-m3
2025-08-05 16:11:59,809 - sentence_transformers.SentenceTransformer - INFO - Load pretrained SentenceTransformer: BAAI/bge-m3
2025-08-05 16:15:10,363 - sentence_transformers.SentenceTransformer - INFO - Load pretrained SentenceTransformer: BAAI/bge-m3
2025-08-05 16:15:20,366 - sentence_transformers.SentenceTransformer - WARNING - No sentence-transformers model found with name BAAI/bge-m3. Creating a new one with mean pooling.
2025-08-05 16:15:48,379 - sentence_transformers.SentenceTransformer - INFO - Load pretrained SentenceTransformer: BAAI/bge-m3
2025-08-05 16:15:58,383 - sentence_transformers.SentenceTransformer - WARNING - No sentence-transformers model found with name BAAI/bge-m3. Creating a new one with mean pooling.
2025-08-05 16:17:20,977 - sentence_transformers.SentenceTransformer - INFO - Load pretrained SentenceTransformer: BAAI/bge-m3
2025-08-05 16:17:44,032 - sentence_transformers.SentenceTransformer - INFO - Load pretrained SentenceTransformer: BAAI/bge-m3
2025-08-05 16:17:59,997 - sentence_transformers.SentenceTransformer - INFO - Load pretrained SentenceTransformer: BAAI/bge-m3
2025-08-05 16:21:40,282 - LLM_Logger - INFO - 工作流步骤: 工作流开始 - 开始执行工作流: text2cypher_with_1_retry_and_output_check
2025-08-05 16:21:40,282 - LLM_Logger - INFO - 工作流步骤: 工作流错误 - 工作流执行失败: text2cypher_with_1_retry_and_output_check
2025-08-05 16:29:31,993 - LLM_Logger - INFO - 工作流步骤: 工作流开始 - 开始执行工作流: naive_text2cypher
2025-08-05 16:29:32,847 - asyncio - ERROR - Exception in callback functools.partial(<function Dispatcher.span.<locals>.wrapper.<locals>.handle_future_result at 0x77be14e29cf0>, span_id='Workflow.run-d1707aba-797c-4b0a-a127-690005e2a924', bound_args=<BoundArguments (kwargs={'input': '小李和小华有什么关系', 'prompt_config': {'system_template': 'chinese-system-template-001', 'user_template': 'chinese-user-template-001', 'assistant_template': None}})>, instance=<cypher_workflows.naive_text2cypher.NaiveText2CypherFlow object at 0x77bc1edb9f60>, context=<_contextvars.Context object at 0x77bcb1511dc0>)
handle: <Handle functools.partial(<function Dispatcher.span.<locals>.wrapper.<locals>.handle_future_result at 0x77be14e29cf0>, span_id='Workflow.run-d1707aba-797c-4b0a-a127-690005e2a924', bound_args=<BoundArguments (kwargs={'input': '小李和小华有什么关系', 'prompt_config': {'system_template': 'chinese-system-template-001', 'user_template': 'chinese-user-template-001', 'assistant_template': None}})>, instance=<cypher_workflows.naive_text2cypher.NaiveText2CypherFlow object at 0x77bc1edb9f60>, context=<_contextvars.Context object at 0x77bcb1511dc0>)>
Traceback (most recent call last):
  File "/home/g0j/桌面/new/text2cypher_llama_agent/venv/lib/python3.10/site-packages/workflows/context/context.py", line 687, in _step_worker
    new_ev = await instrumented_step(**kwargs)
  File "/home/g0j/桌面/new/text2cypher_llama_agent/venv/lib/python3.10/site-packages/llama_index_instrumentation/dispatcher.py", line 365, in async_wrapper
    result = await func(*args, **kwargs)
  File "/home/g0j/桌面/new/text2cypher_llama_agent/cypher_workflows/naive_text2cypher.py", line 60, in generate_cypher
    cypher_query = await generate_cypher_step(
  File "/home/g0j/桌面/new/text2cypher_llama_agent/cypher_workflows/steps/naive_text2cypher/generate_cypher.py", line 162, in generate_cypher_step
    system_prompt_type=PromptType.NAIVE_GENERATE_CYPHER_SYSTEM,
NameError: name 'PromptType' is not defined

The above exception was the direct cause of the following exception:

Traceback (most recent call last):
  File "uvloop/cbhandles.pyx", line 63, in uvloop.loop.Handle._run
  File "/home/g0j/桌面/new/text2cypher_llama_agent/venv/lib/python3.10/site-packages/llama_index_instrumentation/dispatcher.py", line 290, in handle_future_result
    raise exception
  File "/home/g0j/桌面/new/text2cypher_llama_agent/venv/lib/python3.10/site-packages/workflows/workflow.py", line 416, in _run_workflow
    raise exception_raised
  File "/home/g0j/桌面/new/text2cypher_llama_agent/venv/lib/python3.10/site-packages/workflows/context/context.py", line 696, in _step_worker
    raise WorkflowRuntimeError(
workflows.errors.WorkflowRuntimeError: Error in step 'generate_cypher': name 'PromptType' is not defined
2025-08-05 16:29:32,851 - LLM_Logger - INFO - 工作流步骤: 工作流错误 - 工作流执行失败: naive_text2cypher
2025-08-05 16:30:50,787 - sentence_transformers.SentenceTransformer - INFO - Load pretrained SentenceTransformer: BAAI/bge-m3
2025-08-05 16:31:11,158 - sentence_transformers.SentenceTransformer - INFO - Load pretrained SentenceTransformer: BAAI/bge-m3
2025-08-05 16:31:31,750 - sentence_transformers.SentenceTransformer - INFO - Load pretrained SentenceTransformer: BAAI/bge-m3
2025-08-05 16:31:53,566 - sentence_transformers.SentenceTransformer - INFO - Load pretrained SentenceTransformer: BAAI/bge-m3
2025-08-05 16:32:13,218 - sentence_transformers.SentenceTransformer - INFO - Load pretrained SentenceTransformer: BAAI/bge-m3
2025-08-05 16:32:32,651 - sentence_transformers.SentenceTransformer - INFO - Load pretrained SentenceTransformer: BAAI/bge-m3
2025-08-05 16:32:51,694 - sentence_transformers.SentenceTransformer - INFO - Load pretrained SentenceTransformer: BAAI/bge-m3
2025-08-05 16:33:55,746 - sentence_transformers.SentenceTransformer - INFO - Load pretrained SentenceTransformer: BAAI/bge-m3
2025-08-05 16:34:15,390 - sentence_transformers.SentenceTransformer - INFO - Load pretrained SentenceTransformer: BAAI/bge-m3
2025-08-05 16:35:09,038 - sentence_transformers.SentenceTransformer - INFO - Load pretrained SentenceTransformer: BAAI/bge-m3
2025-08-05 16:42:45,129 - sentence_transformers.SentenceTransformer - INFO - Load pretrained SentenceTransformer: BAAI/bge-m3
2025-08-05 16:43:06,172 - sentence_transformers.SentenceTransformer - INFO - Load pretrained SentenceTransformer: BAAI/bge-m3
2025-08-05 16:43:25,962 - sentence_transformers.SentenceTransformer - INFO - Load pretrained SentenceTransformer: BAAI/bge-m3
2025-08-05 16:43:45,873 - sentence_transformers.SentenceTransformer - INFO - Load pretrained SentenceTransformer: BAAI/bge-m3
2025-08-05 16:44:00,573 - sentence_transformers.SentenceTransformer - INFO - Load pretrained SentenceTransformer: BAAI/bge-m3
2025-08-05 16:44:09,485 - LLM_Logger - INFO - 工作流步骤: 工作流开始 - 开始执行工作流: naive_text2cypher
2025-08-05 16:44:09,485 - LLM_Logger - INFO - 工作流步骤: 工作流错误 - 工作流执行失败: naive_text2cypher
2025-08-05 16:44:09,487 - LLM_Logger - INFO - 工作流步骤: 工作流开始 - 开始执行工作流: naive_text2cypher
2025-08-05 16:44:09,487 - LLM_Logger - INFO - 工作流步骤: 工作流错误 - 工作流执行失败: naive_text2cypher
2025-08-05 16:45:20,008 - sentence_transformers.SentenceTransformer - INFO - Load pretrained SentenceTransformer: BAAI/bge-m3
2025-08-05 16:45:40,080 - sentence_transformers.SentenceTransformer - INFO - Load pretrained SentenceTransformer: BAAI/bge-m3
2025-08-05 16:45:54,679 - sentence_transformers.SentenceTransformer - INFO - Load pretrained SentenceTransformer: BAAI/bge-m3
2025-08-05 16:46:03,269 - LLM_Logger - INFO - 工作流步骤: 工作流开始 - 开始执行工作流: naive_text2cypher
2025-08-05 16:46:03,270 - LLM_Logger - INFO - 工作流步骤: 工作流错误 - 工作流执行失败: naive_text2cypher
2025-08-05 16:46:03,273 - LLM_Logger - INFO - 工作流步骤: 工作流开始 - 开始执行工作流: naive_text2cypher
2025-08-05 16:46:03,273 - LLM_Logger - INFO - 工作流步骤: 工作流错误 - 工作流执行失败: naive_text2cypher
2025-08-05 16:46:21,638 - sentence_transformers.SentenceTransformer - INFO - Load pretrained SentenceTransformer: BAAI/bge-m3
2025-08-05 16:46:42,115 - sentence_transformers.SentenceTransformer - INFO - Load pretrained SentenceTransformer: BAAI/bge-m3
2025-08-05 16:46:56,338 - sentence_transformers.SentenceTransformer - INFO - Load pretrained SentenceTransformer: BAAI/bge-m3
2025-08-05 16:47:04,281 - LLM_Logger - INFO - 工作流步骤: 工作流开始 - 开始执行工作流: naive_text2cypher
2025-08-05 16:47:04,822 - asyncio - ERROR - Exception in callback functools.partial(<function Dispatcher.span.<locals>.wrapper.<locals>.handle_future_result at 0x75f0a4f4a9e0>, span_id='Workflow.run-8f09f0b3-69e5-40b2-bc0f-059960629645', bound_args=<BoundArguments (kwargs={'input': '小李和小华有什么关系', 'prompt_config': {'system_template': 'chinese-system-template-001', 'user_template': 'chinese-user-template-001', 'assistant_template': 'chinese-summarize-system-template-001'}})>, instance=<cypher_workflows.naive_text2cypher.NaiveText2CypherFlow object at 0x75f0a4f53400>, context=<_contextvars.Context object at 0x75f0a7ddef80>)
handle: <Handle functools.partial(<function Dispatcher.span.<locals>.wrapper.<locals>.handle_future_result at 0x75f0a4f4a9e0>, span_id='Workflow.run-8f09f0b3-69e5-40b2-bc0f-059960629645', bound_args=<BoundArguments (kwargs={'input': '小李和小华有什么关系', 'prompt_config': {'system_template': 'chinese-system-template-001', 'user_template': 'chinese-user-template-001', 'assistant_template': 'chinese-summarize-system-template-001'}})>, instance=<cypher_workflows.naive_text2cypher.NaiveText2CypherFlow object at 0x75f0a4f53400>, context=<_contextvars.Context object at 0x75f0a7ddef80>)>
Traceback (most recent call last):
  File "/home/g0j/桌面/new/text2cypher_llama_agent/venv/lib/python3.10/site-packages/workflows/context/context.py", line 687, in _step_worker
    new_ev = await instrumented_step(**kwargs)
  File "/home/g0j/桌面/new/text2cypher_llama_agent/venv/lib/python3.10/site-packages/llama_index_instrumentation/dispatcher.py", line 365, in async_wrapper
    result = await func(*args, **kwargs)
  File "/home/g0j/桌面/new/text2cypher_llama_agent/cypher_workflows/naive_text2cypher.py", line 61, in generate_cypher
    cypher_query = await generate_cypher_step(
  File "/home/g0j/桌面/new/text2cypher_llama_agent/cypher_workflows/steps/naive_text2cypher/generate_cypher.py", line 162, in generate_cypher_step
    system_prompt, user_prompt = prompt_service.get_workflow_step_prompts(
TypeError: PromptService.get_workflow_step_prompts() got an unexpected keyword argument 'system_prompt_type'

The above exception was the direct cause of the following exception:

Traceback (most recent call last):
  File "uvloop/cbhandles.pyx", line 63, in uvloop.loop.Handle._run
  File "/home/g0j/桌面/new/text2cypher_llama_agent/venv/lib/python3.10/site-packages/llama_index_instrumentation/dispatcher.py", line 290, in handle_future_result
    raise exception
  File "/home/g0j/桌面/new/text2cypher_llama_agent/venv/lib/python3.10/site-packages/workflows/workflow.py", line 416, in _run_workflow
    raise exception_raised
  File "/home/g0j/桌面/new/text2cypher_llama_agent/venv/lib/python3.10/site-packages/workflows/context/context.py", line 696, in _step_worker
    raise WorkflowRuntimeError(
workflows.errors.WorkflowRuntimeError: Error in step 'generate_cypher': PromptService.get_workflow_step_prompts() got an unexpected keyword argument 'system_prompt_type'
2025-08-05 16:47:04,824 - LLM_Logger - INFO - 工作流步骤: 工作流错误 - 工作流执行失败: naive_text2cypher
2025-08-05 16:47:04,828 - LLM_Logger - INFO - 工作流步骤: 工作流开始 - 开始执行工作流: naive_text2cypher
2025-08-05 16:47:04,941 - asyncio - ERROR - Exception in callback functools.partial(<function Dispatcher.span.<locals>.wrapper.<locals>.handle_future_result at 0x75f0984051b0>, span_id='Workflow.run-0a215c65-53e7-440b-b3dd-4873744b59e6', bound_args=<BoundArguments (kwargs={'input': '小李和小华有什么关系', 'prompt_config': {'system_template': '默认Naive生成Cypher系统提示词', 'user_template': '默认Naive生成Cypher用户提示词', 'assistant_template': 'Naive总结答案系统提示词'}})>, instance=<cypher_workflows.naive_text2cypher.NaiveText2CypherFlow object at 0x75f007dd9270>, context=<_contextvars.Context object at 0x75f0a468b6c0>)
handle: <Handle functools.partial(<function Dispatcher.span.<locals>.wrapper.<locals>.handle_future_result at 0x75f0984051b0>, span_id='Workflow.run-0a215c65-53e7-440b-b3dd-4873744b59e6', bound_args=<BoundArguments (kwargs={'input': '小李和小华有什么关系', 'prompt_config': {'system_template': '默认Naive生成Cypher系统提示词', 'user_template': '默认Naive生成Cypher用户提示词', 'assistant_template': 'Naive总结答案系统提示词'}})>, instance=<cypher_workflows.naive_text2cypher.NaiveText2CypherFlow object at 0x75f007dd9270>, context=<_contextvars.Context object at 0x75f0a468b6c0>)>
Traceback (most recent call last):
  File "/home/g0j/桌面/new/text2cypher_llama_agent/venv/lib/python3.10/site-packages/workflows/context/context.py", line 687, in _step_worker
    new_ev = await instrumented_step(**kwargs)
  File "/home/g0j/桌面/new/text2cypher_llama_agent/venv/lib/python3.10/site-packages/llama_index_instrumentation/dispatcher.py", line 365, in async_wrapper
    result = await func(*args, **kwargs)
  File "/home/g0j/桌面/new/text2cypher_llama_agent/cypher_workflows/naive_text2cypher.py", line 61, in generate_cypher
    cypher_query = await generate_cypher_step(
  File "/home/g0j/桌面/new/text2cypher_llama_agent/cypher_workflows/steps/naive_text2cypher/generate_cypher.py", line 162, in generate_cypher_step
    system_prompt, user_prompt = prompt_service.get_workflow_step_prompts(
TypeError: PromptService.get_workflow_step_prompts() got an unexpected keyword argument 'system_prompt_type'

The above exception was the direct cause of the following exception:

Traceback (most recent call last):
  File "uvloop/cbhandles.pyx", line 63, in uvloop.loop.Handle._run
  File "/home/g0j/桌面/new/text2cypher_llama_agent/venv/lib/python3.10/site-packages/llama_index_instrumentation/dispatcher.py", line 290, in handle_future_result
    raise exception
  File "/home/g0j/桌面/new/text2cypher_llama_agent/venv/lib/python3.10/site-packages/workflows/workflow.py", line 416, in _run_workflow
    raise exception_raised
  File "/home/g0j/桌面/new/text2cypher_llama_agent/venv/lib/python3.10/site-packages/workflows/context/context.py", line 696, in _step_worker
    raise WorkflowRuntimeError(
workflows.errors.WorkflowRuntimeError: Error in step 'generate_cypher': PromptService.get_workflow_step_prompts() got an unexpected keyword argument 'system_prompt_type'
2025-08-05 16:47:04,942 - LLM_Logger - INFO - 工作流步骤: 工作流错误 - 工作流执行失败: naive_text2cypher
2025-08-05 16:47:21,763 - sentence_transformers.SentenceTransformer - INFO - Load pretrained SentenceTransformer: BAAI/bge-m3
2025-08-05 16:47:40,685 - sentence_transformers.SentenceTransformer - INFO - Load pretrained SentenceTransformer: BAAI/bge-m3
2025-08-05 16:48:02,175 - sentence_transformers.SentenceTransformer - INFO - Load pretrained SentenceTransformer: BAAI/bge-m3
2025-08-05 16:48:10,457 - LLM_Logger - INFO - 工作流步骤: 工作流开始 - 开始执行工作流: naive_text2cypher
2025-08-05 16:48:10,577 - asyncio - ERROR - Exception in callback functools.partial(<function Dispatcher.span.<locals>.wrapper.<locals>.handle_future_result at 0x75dc6da21e10>, span_id='Workflow.run-686a6f8d-1a6a-4eab-b00d-b186d029acf5', bound_args=<BoundArguments (kwargs={'input': '小李和小华有什么关系', 'prompt_config': {'system_template': 'chinese-system-template-001', 'user_template': 'chinese-user-template-001', 'assistant_template': 'chinese-summarize-system-template-001'}})>, instance=<cypher_workflows.naive_text2cypher.NaiveText2CypherFlow object at 0x75dc6d99ed10>, context=<_contextvars.Context object at 0x75dc6cfec040>)
handle: <Handle functools.partial(<function Dispatcher.span.<locals>.wrapper.<locals>.handle_future_result at 0x75dc6da21e10>, span_id='Workflow.run-686a6f8d-1a6a-4eab-b00d-b186d029acf5', bound_args=<BoundArguments (kwargs={'input': '小李和小华有什么关系', 'prompt_config': {'system_template': 'chinese-system-template-001', 'user_template': 'chinese-user-template-001', 'assistant_template': 'chinese-summarize-system-template-001'}})>, instance=<cypher_workflows.naive_text2cypher.NaiveText2CypherFlow object at 0x75dc6d99ed10>, context=<_contextvars.Context object at 0x75dc6cfec040>)>
Traceback (most recent call last):
  File "/home/g0j/桌面/new/text2cypher_llama_agent/venv/lib/python3.10/site-packages/workflows/context/context.py", line 687, in _step_worker
    new_ev = await instrumented_step(**kwargs)
  File "/home/g0j/桌面/new/text2cypher_llama_agent/venv/lib/python3.10/site-packages/llama_index_instrumentation/dispatcher.py", line 365, in async_wrapper
    result = await func(*args, **kwargs)
  File "/home/g0j/桌面/new/text2cypher_llama_agent/cypher_workflows/naive_text2cypher.py", line 61, in generate_cypher
    cypher_query = await generate_cypher_step(
  File "/home/g0j/桌面/new/text2cypher_llama_agent/cypher_workflows/steps/naive_text2cypher/generate_cypher.py", line 162, in generate_cypher_step
    system_prompt, user_prompt = prompt_service.get_workflow_step_prompts(
  File "/home/g0j/桌面/new/text2cypher_llama_agent/app/prompt_service.py", line 156, in get_workflow_step_prompts
    system_prompt = self.get_prompt_template(system_type, prompt_config) if system_type else None
  File "/home/g0j/桌面/new/text2cypher_llama_agent/app/prompt_service.py", line 33, in get_prompt_template
    template_id = prompt_config.system_template
AttributeError: 'dict' object has no attribute 'system_template'

The above exception was the direct cause of the following exception:

Traceback (most recent call last):
  File "uvloop/cbhandles.pyx", line 63, in uvloop.loop.Handle._run
  File "/home/g0j/桌面/new/text2cypher_llama_agent/venv/lib/python3.10/site-packages/llama_index_instrumentation/dispatcher.py", line 290, in handle_future_result
    raise exception
  File "/home/g0j/桌面/new/text2cypher_llama_agent/venv/lib/python3.10/site-packages/workflows/workflow.py", line 416, in _run_workflow
    raise exception_raised
  File "/home/g0j/桌面/new/text2cypher_llama_agent/venv/lib/python3.10/site-packages/workflows/context/context.py", line 696, in _step_worker
    raise WorkflowRuntimeError(
workflows.errors.WorkflowRuntimeError: Error in step 'generate_cypher': 'dict' object has no attribute 'system_template'
2025-08-05 16:48:10,580 - LLM_Logger - INFO - 工作流步骤: 工作流错误 - 工作流执行失败: naive_text2cypher
2025-08-05 16:48:10,583 - LLM_Logger - INFO - 工作流步骤: 工作流开始 - 开始执行工作流: naive_text2cypher
2025-08-05 16:48:10,679 - asyncio - ERROR - Exception in callback functools.partial(<function Dispatcher.span.<locals>.wrapper.<locals>.handle_future_result at 0x75dbd374dd80>, span_id='Workflow.run-dc13ebdb-2cfb-4f1d-b7bf-8fc04753f609', bound_args=<BoundArguments (kwargs={'input': '小李和小华有什么关系', 'prompt_config': {'system_template': '默认Naive生成Cypher系统提示词', 'user_template': '默认Naive生成Cypher用户提示词', 'assistant_template': 'Naive总结答案系统提示词'}})>, instance=<cypher_workflows.naive_text2cypher.NaiveText2CypherFlow object at 0x75dbd0899300>, context=<_contextvars.Context object at 0x75dc6d1532c0>)
handle: <Handle functools.partial(<function Dispatcher.span.<locals>.wrapper.<locals>.handle_future_result at 0x75dbd374dd80>, span_id='Workflow.run-dc13ebdb-2cfb-4f1d-b7bf-8fc04753f609', bound_args=<BoundArguments (kwargs={'input': '小李和小华有什么关系', 'prompt_config': {'system_template': '默认Naive生成Cypher系统提示词', 'user_template': '默认Naive生成Cypher用户提示词', 'assistant_template': 'Naive总结答案系统提示词'}})>, instance=<cypher_workflows.naive_text2cypher.NaiveText2CypherFlow object at 0x75dbd0899300>, context=<_contextvars.Context object at 0x75dc6d1532c0>)>
Traceback (most recent call last):
  File "/home/g0j/桌面/new/text2cypher_llama_agent/venv/lib/python3.10/site-packages/workflows/context/context.py", line 687, in _step_worker
    new_ev = await instrumented_step(**kwargs)
  File "/home/g0j/桌面/new/text2cypher_llama_agent/venv/lib/python3.10/site-packages/llama_index_instrumentation/dispatcher.py", line 365, in async_wrapper
    result = await func(*args, **kwargs)
  File "/home/g0j/桌面/new/text2cypher_llama_agent/cypher_workflows/naive_text2cypher.py", line 61, in generate_cypher
    cypher_query = await generate_cypher_step(
  File "/home/g0j/桌面/new/text2cypher_llama_agent/cypher_workflows/steps/naive_text2cypher/generate_cypher.py", line 162, in generate_cypher_step
    system_prompt, user_prompt = prompt_service.get_workflow_step_prompts(
  File "/home/g0j/桌面/new/text2cypher_llama_agent/app/prompt_service.py", line 156, in get_workflow_step_prompts
    system_prompt = self.get_prompt_template(system_type, prompt_config) if system_type else None
  File "/home/g0j/桌面/new/text2cypher_llama_agent/app/prompt_service.py", line 33, in get_prompt_template
    template_id = prompt_config.system_template
AttributeError: 'dict' object has no attribute 'system_template'

The above exception was the direct cause of the following exception:

Traceback (most recent call last):
  File "uvloop/cbhandles.pyx", line 63, in uvloop.loop.Handle._run
  File "/home/g0j/桌面/new/text2cypher_llama_agent/venv/lib/python3.10/site-packages/llama_index_instrumentation/dispatcher.py", line 290, in handle_future_result
    raise exception
  File "/home/g0j/桌面/new/text2cypher_llama_agent/venv/lib/python3.10/site-packages/workflows/workflow.py", line 416, in _run_workflow
    raise exception_raised
  File "/home/g0j/桌面/new/text2cypher_llama_agent/venv/lib/python3.10/site-packages/workflows/context/context.py", line 696, in _step_worker
    raise WorkflowRuntimeError(
workflows.errors.WorkflowRuntimeError: Error in step 'generate_cypher': 'dict' object has no attribute 'system_template'
2025-08-05 16:48:10,681 - LLM_Logger - INFO - 工作流步骤: 工作流错误 - 工作流执行失败: naive_text2cypher
2025-08-05 16:48:39,801 - sentence_transformers.SentenceTransformer - INFO - Load pretrained SentenceTransformer: BAAI/bge-m3
2025-08-05 16:49:00,114 - sentence_transformers.SentenceTransformer - INFO - Load pretrained SentenceTransformer: BAAI/bge-m3
2025-08-05 16:49:21,028 - sentence_transformers.SentenceTransformer - INFO - Load pretrained SentenceTransformer: BAAI/bge-m3
2025-08-05 16:49:35,908 - sentence_transformers.SentenceTransformer - INFO - Load pretrained SentenceTransformer: BAAI/bge-m3
2025-08-05 16:49:44,427 - LLM_Logger - INFO - 工作流步骤: 工作流开始 - 开始执行工作流: naive_text2cypher
2025-08-05 16:49:44,533 - asyncio - ERROR - Exception in callback functools.partial(<function Dispatcher.span.<locals>.wrapper.<locals>.handle_future_result at 0x7f07e0135fc0>, span_id='Workflow.run-72b5b5bf-207d-415f-a4a6-17ed5200178d', bound_args=<BoundArguments (kwargs={'input': '小李和小华有什么关系', 'prompt_config': {'system_template': 'chinese-system-template-001', 'user_template': 'chinese-user-template-001', 'assistant_template': 'chinese-summarize-system-template-001'}})>, instance=<cypher_workflows.naive_text2cypher.NaiveText2CypherFlow object at 0x7f07e00b1780>, context=<_contextvars.Context object at 0x7f07e1fab700>)
handle: <Handle functools.partial(<function Dispatcher.span.<locals>.wrapper.<locals>.handle_future_result at 0x7f07e0135fc0>, span_id='Workflow.run-72b5b5bf-207d-415f-a4a6-17ed5200178d', bound_args=<BoundArguments (kwargs={'input': '小李和小华有什么关系', 'prompt_config': {'system_template': 'chinese-system-template-001', 'user_template': 'chinese-user-template-001', 'assistant_template': 'chinese-summarize-system-template-001'}})>, instance=<cypher_workflows.naive_text2cypher.NaiveText2CypherFlow object at 0x7f07e00b1780>, context=<_contextvars.Context object at 0x7f07e1fab700>)>
Traceback (most recent call last):
  File "/home/g0j/桌面/new/text2cypher_llama_agent/venv/lib/python3.10/site-packages/workflows/context/context.py", line 687, in _step_worker
    new_ev = await instrumented_step(**kwargs)
  File "/home/g0j/桌面/new/text2cypher_llama_agent/venv/lib/python3.10/site-packages/llama_index_instrumentation/dispatcher.py", line 365, in async_wrapper
    result = await func(*args, **kwargs)
  File "/home/g0j/桌面/new/text2cypher_llama_agent/cypher_workflows/naive_text2cypher.py", line 61, in generate_cypher
    cypher_query = await generate_cypher_step(
  File "/home/g0j/桌面/new/text2cypher_llama_agent/cypher_workflows/steps/naive_text2cypher/generate_cypher.py", line 163, in generate_cypher_step
    system_prompt, user_prompt = prompt_service.get_workflow_step_prompts(
  File "/home/g0j/桌面/new/text2cypher_llama_agent/app/prompt_service.py", line 156, in get_workflow_step_prompts
    system_prompt = self.get_prompt_template(system_type, prompt_config) if system_type else None
  File "/home/g0j/桌面/new/text2cypher_llama_agent/app/prompt_service.py", line 33, in get_prompt_template
    template_id = prompt_config.system_template
AttributeError: 'dict' object has no attribute 'system_template'

The above exception was the direct cause of the following exception:

Traceback (most recent call last):
  File "uvloop/cbhandles.pyx", line 63, in uvloop.loop.Handle._run
  File "/home/g0j/桌面/new/text2cypher_llama_agent/venv/lib/python3.10/site-packages/llama_index_instrumentation/dispatcher.py", line 290, in handle_future_result
    raise exception
  File "/home/g0j/桌面/new/text2cypher_llama_agent/venv/lib/python3.10/site-packages/workflows/workflow.py", line 416, in _run_workflow
    raise exception_raised
  File "/home/g0j/桌面/new/text2cypher_llama_agent/venv/lib/python3.10/site-packages/workflows/context/context.py", line 696, in _step_worker
    raise WorkflowRuntimeError(
workflows.errors.WorkflowRuntimeError: Error in step 'generate_cypher': 'dict' object has no attribute 'system_template'
2025-08-05 16:49:44,534 - LLM_Logger - INFO - 工作流步骤: 工作流错误 - 工作流执行失败: naive_text2cypher
2025-08-05 16:49:44,538 - LLM_Logger - INFO - 工作流步骤: 工作流开始 - 开始执行工作流: naive_text2cypher
2025-08-05 16:49:44,632 - asyncio - ERROR - Exception in callback functools.partial(<function Dispatcher.span.<locals>.wrapper.<locals>.handle_future_result at 0x7f0746dc9510>, span_id='Workflow.run-07416e1b-52eb-4e7f-ae2f-62301be88094', bound_args=<BoundArguments (kwargs={'input': '小李和小华有什么关系', 'prompt_config': {'system_template': '默认Naive生成Cypher系统提示词', 'user_template': '默认Naive生成Cypher用户提示词', 'assistant_template': 'Naive总结答案系统提示词'}})>, instance=<cypher_workflows.naive_text2cypher.NaiveText2CypherFlow object at 0x7f0742efdd20>, context=<_contextvars.Context object at 0x7f07d567c940>)
handle: <Handle functools.partial(<function Dispatcher.span.<locals>.wrapper.<locals>.handle_future_result at 0x7f0746dc9510>, span_id='Workflow.run-07416e1b-52eb-4e7f-ae2f-62301be88094', bound_args=<BoundArguments (kwargs={'input': '小李和小华有什么关系', 'prompt_config': {'system_template': '默认Naive生成Cypher系统提示词', 'user_template': '默认Naive生成Cypher用户提示词', 'assistant_template': 'Naive总结答案系统提示词'}})>, instance=<cypher_workflows.naive_text2cypher.NaiveText2CypherFlow object at 0x7f0742efdd20>, context=<_contextvars.Context object at 0x7f07d567c940>)>
Traceback (most recent call last):
  File "/home/g0j/桌面/new/text2cypher_llama_agent/venv/lib/python3.10/site-packages/workflows/context/context.py", line 687, in _step_worker
    new_ev = await instrumented_step(**kwargs)
  File "/home/g0j/桌面/new/text2cypher_llama_agent/venv/lib/python3.10/site-packages/llama_index_instrumentation/dispatcher.py", line 365, in async_wrapper
    result = await func(*args, **kwargs)
  File "/home/g0j/桌面/new/text2cypher_llama_agent/cypher_workflows/naive_text2cypher.py", line 61, in generate_cypher
    cypher_query = await generate_cypher_step(
  File "/home/g0j/桌面/new/text2cypher_llama_agent/cypher_workflows/steps/naive_text2cypher/generate_cypher.py", line 163, in generate_cypher_step
    system_prompt, user_prompt = prompt_service.get_workflow_step_prompts(
  File "/home/g0j/桌面/new/text2cypher_llama_agent/app/prompt_service.py", line 156, in get_workflow_step_prompts
    system_prompt = self.get_prompt_template(system_type, prompt_config) if system_type else None
  File "/home/g0j/桌面/new/text2cypher_llama_agent/app/prompt_service.py", line 33, in get_prompt_template
    template_id = prompt_config.system_template
AttributeError: 'dict' object has no attribute 'system_template'

The above exception was the direct cause of the following exception:

Traceback (most recent call last):
  File "uvloop/cbhandles.pyx", line 63, in uvloop.loop.Handle._run
  File "/home/g0j/桌面/new/text2cypher_llama_agent/venv/lib/python3.10/site-packages/llama_index_instrumentation/dispatcher.py", line 290, in handle_future_result
    raise exception
  File "/home/g0j/桌面/new/text2cypher_llama_agent/venv/lib/python3.10/site-packages/workflows/workflow.py", line 416, in _run_workflow
    raise exception_raised
  File "/home/g0j/桌面/new/text2cypher_llama_agent/venv/lib/python3.10/site-packages/workflows/context/context.py", line 696, in _step_worker
    raise WorkflowRuntimeError(
workflows.errors.WorkflowRuntimeError: Error in step 'generate_cypher': 'dict' object has no attribute 'system_template'
2025-08-05 16:49:44,633 - LLM_Logger - INFO - 工作流步骤: 工作流错误 - 工作流执行失败: naive_text2cypher
2025-08-05 16:51:24,423 - sentence_transformers.SentenceTransformer - INFO - Load pretrained SentenceTransformer: BAAI/bge-m3
2025-08-05 16:51:39,106 - sentence_transformers.SentenceTransformer - INFO - Load pretrained SentenceTransformer: BAAI/bge-m3
2025-08-05 16:51:48,743 - LLM_Logger - INFO - 工作流步骤: 工作流开始 - 开始执行工作流: naive_text2cypher
2025-08-05 16:51:48,891 - LLM_Logger - INFO - LLM交互 #1 - 生成Cypher查询 - 提示词已发送
2025-08-05 16:51:54,646 - httpx - INFO - HTTP Request: POST https://ark.cn-beijing.volces.com/api/v3/chat/completions "HTTP/1.1 200 OK"
2025-08-05 16:51:54,648 - LLM_Logger - INFO - LLM交互 #1 - 生成Cypher查询 - 回应已接收
2025-08-05 16:51:55,435 - LLM_Logger - INFO - LLM交互 #2 - 生成最终答案(简单流程) - 提示词已发送
2025-08-05 16:51:56,050 - httpx - INFO - HTTP Request: POST https://ark.cn-beijing.volces.com/api/v3/chat/completions "HTTP/1.1 200 OK"
2025-08-05 16:52:07,565 - LLM_Logger - INFO - LLM交互 #2 - 生成最终答案(简单流程) - 回应已接收
2025-08-05 16:52:07,567 - LLM_Logger - INFO - 工作流步骤: 工作流完成 - 工作流执行成功: naive_text2cypher
2025-08-05 16:52:07,572 - LLM_Logger - INFO - 工作流步骤: 工作流开始 - 开始执行工作流: naive_text2cypher
2025-08-05 16:52:07,701 - LLM_Logger - INFO - LLM交互 #3 - 生成Cypher查询 - 提示词已发送
2025-08-05 16:52:17,725 - httpx - INFO - HTTP Request: POST https://ark.cn-beijing.volces.com/api/v3/chat/completions "HTTP/1.1 200 OK"
2025-08-05 16:52:17,726 - LLM_Logger - INFO - LLM交互 #3 - 生成Cypher查询 - 回应已接收
2025-08-05 16:52:17,940 - LLM_Logger - INFO - LLM交互 #4 - 生成最终答案(简单流程) - 提示词已发送
2025-08-05 16:52:18,404 - httpx - INFO - HTTP Request: POST https://ark.cn-beijing.volces.com/api/v3/chat/completions "HTTP/1.1 200 OK"
2025-08-05 16:52:27,851 - LLM_Logger - INFO - LLM交互 #4 - 生成最终答案(简单流程) - 回应已接收
2025-08-05 16:52:27,852 - LLM_Logger - INFO - 工作流步骤: 工作流完成 - 工作流执行成功: naive_text2cypher
2025-08-05 16:52:47,264 - sentence_transformers.SentenceTransformer - INFO - Load pretrained SentenceTransformer: BAAI/bge-m3
2025-08-05 16:52:52,393 - sentence_transformers.SentenceTransformer - WARNING - No sentence-transformers model found with name BAAI/bge-m3. Creating a new one with mean pooling.
2025-08-05 16:58:20,927 - sentence_transformers.SentenceTransformer - INFO - Load pretrained SentenceTransformer: BAAI/bge-m3
2025-08-05 16:58:26,029 - sentence_transformers.SentenceTransformer - WARNING - No sentence-transformers model found with name BAAI/bge-m3. Creating a new one with mean pooling.
2025-08-05 16:59:35,667 - sentence_transformers.SentenceTransformer - INFO - Load pretrained SentenceTransformer: BAAI/bge-m3
2025-08-05 16:59:40,771 - sentence_transformers.SentenceTransformer - WARNING - No sentence-transformers model found with name BAAI/bge-m3. Creating a new one with mean pooling.
2025-08-05 17:07:06,448 - sentence_transformers.SentenceTransformer - INFO - Load pretrained SentenceTransformer: BAAI/bge-m3
2025-08-05 17:07:11,551 - sentence_transformers.SentenceTransformer - WARNING - No sentence-transformers model found with name BAAI/bge-m3. Creating a new one with mean pooling.
2025-08-05 17:08:49,471 - sentence_transformers.SentenceTransformer - INFO - Load pretrained SentenceTransformer: BAAI/bge-m3
2025-08-05 17:08:54,575 - sentence_transformers.SentenceTransformer - WARNING - No sentence-transformers model found with name BAAI/bge-m3. Creating a new one with mean pooling.
2025-08-05 17:28:04,262 - sentence_transformers.SentenceTransformer - INFO - Load pretrained SentenceTransformer: BAAI/bge-m3
2025-08-05 17:28:09,366 - sentence_transformers.SentenceTransformer - WARNING - No sentence-transformers model found with name BAAI/bge-m3. Creating a new one with mean pooling.
2025-08-05 17:38:03,826 - sentence_transformers.SentenceTransformer - INFO - Load pretrained SentenceTransformer: BAAI/bge-m3
2025-08-05 17:38:08,929 - sentence_transformers.SentenceTransformer - WARNING - No sentence-transformers model found with name BAAI/bge-m3. Creating a new one with mean pooling.
2025-08-06 00:33:47,136 - neo4j.pool - WARNING - Transaction failed and will be retried in 1.1851302071233862s (Couldn't connect to localhost:7687 (resolved to ('127.0.0.1:7687',)):
Failed to establish connection to ResolvedIPv4Address(('127.0.0.1', 7687)) (reason [Errno 111] Connection refused))
2025-08-06 00:33:48,323 - neo4j.pool - WARNING - Transaction failed and will be retried in 2.0680158223580705s (Couldn't connect to localhost:7687 (resolved to ('127.0.0.1:7687',)):
Failed to establish connection to ResolvedIPv4Address(('127.0.0.1', 7687)) (reason [Errno 111] Connection refused))
2025-08-06 00:33:50,393 - neo4j.pool - WARNING - Transaction failed and will be retried in 3.672230042458696s (Couldn't connect to localhost:7687 (resolved to ('127.0.0.1:7687',)):
Failed to establish connection to ResolvedIPv4Address(('127.0.0.1', 7687)) (reason [Errno 111] Connection refused))
2025-08-06 00:33:54,067 - neo4j.pool - WARNING - Transaction failed and will be retried in 6.516778069421682s (Couldn't connect to localhost:7687 (resolved to ('127.0.0.1:7687',)):
Failed to establish connection to ResolvedIPv4Address(('127.0.0.1', 7687)) (reason [Errno 111] Connection refused))
2025-08-06 00:34:00,587 - neo4j.pool - WARNING - Transaction failed and will be retried in 15.321587763570914s (Couldn't connect to localhost:7687 (resolved to ('127.0.0.1:7687',)):
Failed to establish connection to ResolvedIPv4Address(('127.0.0.1', 7687)) (reason [Errno 111] Connection refused))
2025-08-06 00:34:15,915 - neo4j.pool - WARNING - Transaction failed and will be retried in 30.595298945441932s (Couldn't connect to localhost:7687 (resolved to ('127.0.0.1:7687',)):
Failed to establish connection to ResolvedIPv4Address(('127.0.0.1', 7687)) (reason [Errno 111] Connection refused))
2025-08-06 00:34:46,550 - sentence_transformers.SentenceTransformer - INFO - Load pretrained SentenceTransformer: /home/g0j/.cache/huggingface/hub/models--BAAI--bge-m3
2025-08-06 00:34:46,550 - sentence_transformers.SentenceTransformer - WARNING - No sentence-transformers model found with name /home/g0j/.cache/huggingface/hub/models--BAAI--bge-m3. Creating a new one with mean pooling.
2025-08-06 00:34:46,551 - sentence_transformers.SentenceTransformer - INFO - Load pretrained SentenceTransformer: all-MiniLM-L6-v2
